# JRE version: Java(TM) SE Runtime Environment (8.0_231-b11) (build 1.8.0_231-b11)
# Java VM: Java HotSpot(TM) 64-Bit Server VM (25.231-b11 mixed mode windows-amd64 compressed oops)
Heap:
 PSYoungGen      total 76288K, used 16040K [0x000000076b180000, 0x0000000772700000, 0x00000007c0000000)
  eden space 65536K, 8% used [0x000000076b180000,0x000000076b6ab768,0x000000076f180000)
  from space 10752K, 99% used [0x000000076f180000,0x000000076fbfe898,0x000000076fc00000)
  to   space 10752K, 0% used [0x0000000771c80000,0x0000000771c80000,0x0000000772700000)
 ParOldGen       total 101888K, used 9272K [0x00000006c1400000, 0x00000006c7780000, 0x000000076b180000)
  object space 101888K, 9% used [0x00000006c1400000,0x00000006c1d0e108,0x00000006c7780000)
 Metaspace       used 32295K, capacity 33098K, committed 33280K, reserved 1077248K
  class space    used 4308K, capacity 4521K, committed 4608K, reserved 1048576K
GC Heap History (8 events):
Event: 1.583 GC heap before
{Heap before GC invocations=1 (full 0):
 PSYoungGen      total 76288K, used 65536K [0x000000076b180000, 0x0000000770680000, 0x00000007c0000000)
  eden space 65536K, 100% used [0x000000076b180000,0x000000076f180000,0x000000076f180000)
  from space 10752K, 0% used [0x000000076fc00000,0x000000076fc00000,0x0000000770680000)
  to   space 10752K, 0% used [0x000000076f180000,0x000000076f180000,0x000000076fc00000)
 ParOldGen       total 175104K, used 0K [0x00000006c1400000, 0x00000006cbf00000, 0x000000076b180000)
  object space 175104K, 0% used [0x00000006c1400000,0x00000006c1400000,0x00000006cbf00000)
 Metaspace       used 18616K, capacity 19202K, committed 19456K, reserved 1067008K
  class space    used 2579K, capacity 2719K, committed 2816K, reserved 1048576K
Event: 1.591 GC heap after
Heap after GC invocations=1 (full 0):
 PSYoungGen      total 76288K, used 8306K [0x000000076b180000, 0x0000000770680000, 0x00000007c0000000)
  eden space 65536K, 0% used [0x000000076b180000,0x000000076b180000,0x000000076f180000)
  from space 10752K, 77% used [0x000000076f180000,0x000000076f99c9e0,0x000000076fc00000)
  to   space 10752K, 0% used [0x000000076fc00000,0x000000076fc00000,0x0000000770680000)
 ParOldGen       total 175104K, used 88K [0x00000006c1400000, 0x00000006cbf00000, 0x000000076b180000)
  object space 175104K, 0% used [0x00000006c1400000,0x00000006c1416010,0x00000006cbf00000)
 Metaspace       used 18616K, capacity 19202K, committed 19456K, reserved 1067008K
  class space    used 2579K, capacity 2719K, committed 2816K, reserved 1048576K
}
Event: 1.733 GC heap before
{Heap before GC invocations=2 (full 0):
 PSYoungGen      total 76288K, used 16246K [0x000000076b180000, 0x0000000770680000, 0x00000007c0000000)
  eden space 65536K, 12% used [0x000000076b180000,0x000000076b941120,0x000000076f180000)
  from space 10752K, 77% used [0x000000076f180000,0x000000076f99c9e0,0x000000076fc00000)
  to   space 10752K, 0% used [0x000000076fc00000,0x000000076fc00000,0x0000000770680000)
 ParOldGen       total 175104K, used 88K [0x00000006c1400000, 0x00000006cbf00000, 0x000000076b180000)
  object space 175104K, 0% used [0x00000006c1400000,0x00000006c1416010,0x00000006cbf00000)
 Metaspace       used 20499K, capacity 21114K, committed 21248K, reserved 1067008K
  class space    used 2783K, capacity 2963K, committed 3072K, reserved 1048576K
Event: 1.739 GC heap after
Heap after GC invocations=2 (full 0):
 PSYoungGen      total 76288K, used 6914K [0x000000076b180000, 0x0000000770680000, 0x00000007c0000000)
  eden space 65536K, 0% used [0x000000076b180000,0x000000076b180000,0x000000076f180000)
  from space 10752K, 64% used [0x000000076fc00000,0x00000007702c0b20,0x0000000770680000)
  to   space 10752K, 0% used [0x000000076f180000,0x000000076f180000,0x000000076fc00000)
 ParOldGen       total 175104K, used 96K [0x00000006c1400000, 0x00000006cbf00000, 0x000000076b180000)
  object space 175104K, 0% used [0x00000006c1400000,0x00000006c1418010,0x00000006cbf00000)
 Metaspace       used 20499K, capacity 21114K, committed 21248K, reserved 1067008K
  class space    used 2783K, capacity 2963K, committed 3072K, reserved 1048576K
}
Event: 1.739 GC heap before
{Heap before GC invocations=3 (full 1):
 PSYoungGen      total 76288K, used 6914K [0x000000076b180000, 0x0000000770680000, 0x00000007c0000000)
  eden space 65536K, 0% used [0x000000076b180000,0x000000076b180000,0x000000076f180000)
  from space 10752K, 64% used [0x000000076fc00000,0x00000007702c0b20,0x0000000770680000)
  to   space 10752K, 0% used [0x000000076f180000,0x000000076f180000,0x000000076fc00000)
 ParOldGen       total 175104K, used 96K [0x00000006c1400000, 0x00000006cbf00000, 0x000000076b180000)
  object space 175104K, 0% used [0x00000006c1400000,0x00000006c1418010,0x00000006cbf00000)
 Metaspace       used 20499K, capacity 21114K, committed 21248K, reserved 1067008K
  class space    used 2783K, capacity 2963K, committed 3072K, reserved 1048576K
Event: 1.769 GC heap after
Heap after GC invocations=3 (full 1):
 PSYoungGen      total 76288K, used 0K [0x000000076b180000, 0x0000000770680000, 0x00000007c0000000)
  eden space 65536K, 0% used [0x000000076b180000,0x000000076b180000,0x000000076f180000)
  from space 10752K, 0% used [0x000000076fc00000,0x000000076fc00000,0x0000000770680000)
  to   space 10752K, 0% used [0x000000076f180000,0x000000076f180000,0x000000076fc00000)
 ParOldGen       total 101888K, used 6846K [0x00000006c1400000, 0x00000006c7780000, 0x000000076b180000)
  object space 101888K, 6% used [0x00000006c1400000,0x00000006c1aaf930,0x00000006c7780000)
 Metaspace       used 20499K, capacity 21114K, committed 21248K, reserved 1067008K
  class space    used 2783K, capacity 2963K, committed 3072K, reserved 1048576K
}
Event: 2.881 GC heap before
{Heap before GC invocations=4 (full 1):
 PSYoungGen      total 76288K, used 65536K [0x000000076b180000, 0x0000000770680000, 0x00000007c0000000)
  eden space 65536K, 100% used [0x000000076b180000,0x000000076f180000,0x000000076f180000)
  from space 10752K, 0% used [0x000000076fc00000,0x000000076fc00000,0x0000000770680000)
  to   space 10752K, 0% used [0x000000076f180000,0x000000076f180000,0x000000076fc00000)
 ParOldGen       total 101888K, used 6846K [0x00000006c1400000, 0x00000006c7780000, 0x000000076b180000)
  object space 101888K, 6% used [0x00000006c1400000,0x00000006c1aaf930,0x00000006c7780000)
 Metaspace       used 31464K, capacity 32146K, committed 32640K, reserved 1077248K
  class space    used 4185K, capacity 4371K, committed 4480K, reserved 1048576K
Event: 2.892 GC heap after
Heap after GC invocations=4 (full 1):
 PSYoungGen      total 76288K, used 10746K [0x000000076b180000, 0x0000000772700000, 0x00000007c0000000)
  eden space 65536K, 0% used [0x000000076b180000,0x000000076b180000,0x000000076f180000)
  from space 10752K, 99% used [0x000000076f180000,0x000000076fbfe898,0x000000076fc00000)
  to   space 10752K, 0% used [0x0000000771c80000,0x0000000771c80000,0x0000000772700000)
 ParOldGen       total 101888K, used 9272K [0x00000006c1400000, 0x00000006c7780000, 0x000000076b180000)
  object space 101888K, 9% used [0x00000006c1400000,0x00000006c1d0e108,0x00000006c7780000)
 Metaspace       used 31464K, capacity 32146K, committed 32640K, reserved 1077248K
  class space    used 4185K, capacity 4371K, committed 4480K, reserved 1048576K
}

