Heap:
 PSYoungGen      total 97280K, used 30077K [0x000000076b180000, 0x0000000772680000, 0x00000007c0000000)
  eden space 86528K, 22% used [0x000000076b180000,0x000000076c45fa38,0x0000000770600000)
  from space 10752K, 99% used [0x0000000771c00000,0x000000077267fc80,0x0000000772680000)
  to   space 10752K, 0% used [0x0000000771180000,0x0000000771180000,0x0000000771c00000)
 ParOldGen       total 169472K, used 23489K [0x00000006c1400000, 0x00000006cb980000, 0x000000076b180000)
  object space 169472K, 13% used [0x00000006c1400000,0x00000006c2af04e0,0x00000006cb980000)
 Metaspace       used 38100K, capacity 39818K, committed 40104K, reserved 1083392K
  class space    used 5165K, capacity 5504K, committed 5544K, reserved 1048576K
GC Heap History (10 events):
Event: 1.048 GC heap before
{Heap before GC invocations=2 (full 0):
 PSYoungGen      total 76288K, used 16969K [0x000000076b180000, 0x0000000770680000, 0x00000007c0000000)
  eden space 65536K, 10% used [0x000000076b180000,0x000000076b7f0230,0x000000076f180000)
  from space 10752K, 96% used [0x000000076f180000,0x000000076fba2468,0x000000076fc00000)
  to   space 10752K, 0% used [0x000000076fc00000,0x000000076fc00000,0x0000000770680000)
 ParOldGen       total 175104K, used 80K [0x00000006c1400000, 0x00000006cbf00000, 0x000000076b180000)
  object space 175104K, 0% used [0x00000006c1400000,0x00000006c1414010,0x00000006cbf00000)
 Metaspace       used 20607K, capacity 21182K, committed 21296K, reserved 1067008K
  class space    used 2769K, capacity 2916K, committed 2944K, reserved 1048576K
Event: 1.052 GC heap after
Heap after GC invocations=2 (full 0):
 PSYoungGen      total 76288K, used 7566K [0x000000076b180000, 0x0000000774680000, 0x00000007c0000000)
  eden space 65536K, 0% used [0x000000076b180000,0x000000076b180000,0x000000076f180000)
  from space 10752K, 70% used [0x000000076fc00000,0x0000000770363bc0,0x0000000770680000)
  to   space 10752K, 0% used [0x000000076f180000,0x000000076f180000,0x000000076fc00000)
 ParOldGen       total 175104K, used 88K [0x00000006c1400000, 0x00000006cbf00000, 0x000000076b180000)
  object space 175104K, 0% used [0x00000006c1400000,0x00000006c1416010,0x00000006cbf00000)
 Metaspace       used 20607K, capacity 21182K, committed 21296K, reserved 1067008K
  class space    used 2769K, capacity 2916K, committed 2944K, reserved 1048576K
}
Event: 1.052 GC heap before
{Heap before GC invocations=3 (full 1):
 PSYoungGen      total 76288K, used 7566K [0x000000076b180000, 0x0000000774680000, 0x00000007c0000000)
  eden space 65536K, 0% used [0x000000076b180000,0x000000076b180000,0x000000076f180000)
  from space 10752K, 70% used [0x000000076fc00000,0x0000000770363bc0,0x0000000770680000)
  to   space 10752K, 0% used [0x000000076f180000,0x000000076f180000,0x000000076fc00000)
 ParOldGen       total 175104K, used 88K [0x00000006c1400000, 0x00000006cbf00000, 0x000000076b180000)
  object space 175104K, 0% used [0x00000006c1400000,0x00000006c1416010,0x00000006cbf00000)
 Metaspace       used 20607K, capacity 21182K, committed 21296K, reserved 1067008K
  class space    used 2769K, capacity 2916K, committed 2944K, reserved 1048576K
Event: 1.076 GC heap after
Heap after GC invocations=3 (full 1):
 PSYoungGen      total 76288K, used 0K [0x000000076b180000, 0x0000000774680000, 0x00000007c0000000)
  eden space 65536K, 0% used [0x000000076b180000,0x000000076b180000,0x000000076f180000)
  from space 10752K, 0% used [0x000000076fc00000,0x000000076fc00000,0x0000000770680000)
  to   space 10752K, 0% used [0x000000076f180000,0x000000076f180000,0x000000076fc00000)
 ParOldGen       total 100864K, used 7445K [0x00000006c1400000, 0x00000006c7680000, 0x000000076b180000)
  object space 100864K, 7% used [0x00000006c1400000,0x00000006c1b45488,0x00000006c7680000)
 Metaspace       used 20607K, capacity 21182K, committed 21296K, reserved 1067008K
  class space    used 2769K, capacity 2916K, committed 2944K, reserved 1048576K
}
Event: 2.452 GC heap before
{Heap before GC invocations=4 (full 1):
 PSYoungGen      total 76288K, used 65536K [0x000000076b180000, 0x0000000774680000, 0x00000007c0000000)
  eden space 65536K, 100% used [0x000000076b180000,0x000000076f180000,0x000000076f180000)
  from space 10752K, 0% used [0x000000076fc00000,0x000000076fc00000,0x0000000770680000)
  to   space 10752K, 0% used [0x000000076f180000,0x000000076f180000,0x000000076fc00000)
 ParOldGen       total 100864K, used 7445K [0x00000006c1400000, 0x00000006c7680000, 0x000000076b180000)
  object space 100864K, 7% used [0x00000006c1400000,0x00000006c1b45488,0x00000006c7680000)
 Metaspace       used 34054K, capacity 35378K, committed 35496K, reserved 1079296K
  class space    used 4786K, capacity 5002K, committed 5032K, reserved 1048576K
Event: 2.459 GC heap after
Heap after GC invocations=4 (full 1):
 PSYoungGen      total 76288K, used 10720K [0x000000076b180000, 0x0000000772680000, 0x00000007c0000000)
  eden space 65536K, 0% used [0x000000076b180000,0x000000076b180000,0x000000076f180000)
  from space 10752K, 99% used [0x000000076f180000,0x000000076fbf82f8,0x000000076fc00000)
  to   space 10752K, 0% used [0x0000000771c00000,0x0000000771c00000,0x0000000772680000)
 ParOldGen       total 100864K, used 7894K [0x00000006c1400000, 0x00000006c7680000, 0x000000076b180000)
  object space 100864K, 7% used [0x00000006c1400000,0x00000006c1bb5838,0x00000006c7680000)
 Metaspace       used 34054K, capacity 35378K, committed 35496K, reserved 1079296K
  class space    used 4786K, capacity 5002K, committed 5032K, reserved 1048576K
}
Event: 2.459 GC heap before
{Heap before GC invocations=5 (full 2):
 PSYoungGen      total 76288K, used 10720K [0x000000076b180000, 0x0000000772680000, 0x00000007c0000000)
  eden space 65536K, 0% used [0x000000076b180000,0x000000076b180000,0x000000076f180000)
  from space 10752K, 99% used [0x000000076f180000,0x000000076fbf82f8,0x000000076fc00000)
  to   space 10752K, 0% used [0x0000000771c00000,0x0000000771c00000,0x0000000772680000)
 ParOldGen       total 100864K, used 7894K [0x00000006c1400000, 0x00000006c7680000, 0x000000076b180000)
  object space 100864K, 7% used [0x00000006c1400000,0x00000006c1bb5838,0x00000006c7680000)
 Metaspace       used 34054K, capacity 35378K, committed 35496K, reserved 1079296K
  class space    used 4786K, capacity 5002K, committed 5032K, reserved 1048576K
Event: 2.529 GC heap after
Heap after GC invocations=5 (full 2):
 PSYoungGen      total 76288K, used 0K [0x000000076b180000, 0x0000000772680000, 0x00000007c0000000)
  eden space 65536K, 0% used [0x000000076b180000,0x000000076b180000,0x000000076f180000)
  from space 10752K, 0% used [0x000000076f180000,0x000000076f180000,0x000000076fc00000)
  to   space 10752K, 0% used [0x0000000771c00000,0x0000000771c00000,0x0000000772680000)
 ParOldGen       total 169472K, used 17735K [0x00000006c1400000, 0x00000006cb980000, 0x000000076b180000)
  object space 169472K, 10% used [0x00000006c1400000,0x00000006c2551fb0,0x00000006cb980000)
 Metaspace       used 34054K, capacity 35378K, committed 35496K, reserved 1079296K
  class space    used 4786K, capacity 5002K, committed 5032K, reserved 1048576K
}
Event: 8.839 GC heap before
{Heap before GC invocations=6 (full 2):
 PSYoungGen      total 76288K, used 65536K [0x000000076b180000, 0x0000000772680000, 0x00000007c0000000)
  eden space 65536K, 100% used [0x000000076b180000,0x000000076f180000,0x000000076f180000)
  from space 10752K, 0% used [0x000000076f180000,0x000000076f180000,0x000000076fc00000)
  to   space 10752K, 0% used [0x0000000771c00000,0x0000000771c00000,0x0000000772680000)
 ParOldGen       total 169472K, used 17735K [0x00000006c1400000, 0x00000006cb980000, 0x000000076b180000)
  object space 169472K, 10% used [0x00000006c1400000,0x00000006c2551fb0,0x00000006cb980000)
 Metaspace       used 37782K, capacity 39562K, committed 39848K, reserved 1083392K
  class space    used 5156K, capacity 5504K, committed 5544K, reserved 1048576K
Event: 8.847 GC heap after
Heap after GC invocations=6 (full 2):
 PSYoungGen      total 97280K, used 10751K [0x000000076b180000, 0x0000000772680000, 0x00000007c0000000)
  eden space 86528K, 0% used [0x000000076b180000,0x000000076b180000,0x0000000770600000)
  from space 10752K, 99% used [0x0000000771c00000,0x000000077267fc80,0x0000000772680000)
  to   space 10752K, 0% used [0x0000000771180000,0x0000000771180000,0x0000000771c00000)
 ParOldGen       total 169472K, used 23489K [0x00000006c1400000, 0x00000006cb980000, 0x000000076b180000)
  object space 169472K, 13% used [0x00000006c1400000,0x00000006c2af04e0,0x00000006cb980000)
 Metaspace       used 37782K, capacity 39562K, committed 39848K, reserved 1083392K
  class space    used 5156K, capacity 5504K, committed 5544K, reserved 1048576K
}

